[2014-12-07 11:34:47] START
[2014-12-07 11:37:35] CREATE schedule.css: 0
[2014-12-07 11:39:16] CREATE edit_schedule.html: 0
[2014-12-07 11:40:42] CREATE default/edit_schedule.html: 0
[2014-12-07 11:41:45] EDIT ScheduleHelper/controllers/default.py: 2
[2014-12-07 11:42:23] EDIT ScheduleHelper/views/default/edit_schedule.html: 3
[2014-12-07 11:43:09] EDIT ScheduleHelper/controllers/default.py: 0
[2014-12-07 11:44:14] DELETE ScheduleHelper/views/edit_schedule.html: -3
[2014-12-07 11:45:27] EDIT ScheduleHelper/views/default/edit_schedule.html: 0
[2014-12-07 11:46:08] EDIT ScheduleHelper/views/default/edit_schedule.html: 1
[2014-12-07 11:47:45] EDIT ScheduleHelper/views/default/edit_schedule.html: 0
[2014-12-07 11:53:31] CREATE css/schedule.css: 0
[2014-12-07 11:53:40] DELETE ScheduleHelper/static/schedule.css: 0
[2014-12-07 11:54:37] EDIT ScheduleHelper/static/css/schedule.css: 2
[2014-12-07 11:54:56] EDIT ScheduleHelper/views/default/edit_schedule.html: 0
[2014-12-07 11:56:40] EDIT ScheduleHelper/views/default/edit_schedule.html: 3
[2014-12-07 11:58:12] EDIT ScheduleHelper/views/default/edit_schedule.html: 0
[2014-12-07 11:59:07] EDIT ScheduleHelper/views/default/edit_schedule.html: 15
[2014-12-07 12:01:15] EDIT ScheduleHelper/static/css/schedule.css: 3
[2014-12-07 12:05:32] EDIT ScheduleHelper/views/default/edit_schedule.html: 16
[2014-12-07 12:07:51] EDIT ScheduleHelper/views/default/edit_schedule.html: -30
[2014-12-07 12:11:04] EDIT ScheduleHelper/views/default/edit_schedule.html: 0
[2014-12-07 12:11:29] EDIT ScheduleHelper/static/css/schedule.css: 0
[2014-12-07 12:12:06] EDIT ScheduleHelper/views/default/edit_schedule.html: 0
[2014-12-07 12:12:17] EDIT ScheduleHelper/views/default/edit_schedule.html: 0
[2014-12-07 12:13:00] EDIT ScheduleHelper/views/default/edit_schedule.html: 0
[2014-12-07 12:13:08] EDIT ScheduleHelper/static/css/schedule.css: -3
[2014-12-07 12:13:15] EDIT ScheduleHelper/static/css/schedule.css: 3
[2014-12-07 12:13:21] EDIT ScheduleHelper/views/default/edit_schedule.html: 0
[2014-12-07 12:13:28] EDIT ScheduleHelper/static/css/schedule.css: 0
[2014-12-07 12:13:32] EDIT ScheduleHelper/static/css/schedule.css: 0
[2014-12-07 12:13:34] EDIT ScheduleHelper/static/css/schedule.css: 0
[2014-12-07 12:13:43] EDIT ScheduleHelper/static/css/schedule.css: 0
[2014-12-07 12:15:21] EDIT ScheduleHelper/static/css/schedule.css: 0
[2014-12-07 12:15:54] EDIT ScheduleHelper/static/css/schedule.css: 1
[2014-12-07 12:15:59] EDIT ScheduleHelper/static/css/schedule.css: 0
[2014-12-07 12:16:17] EDIT ScheduleHelper/static/css/schedule.css: 0
[2014-12-07 12:16:25] EDIT ScheduleHelper/static/css/schedule.css: 0
[2014-12-07 12:18:02] EDIT ScheduleHelper/views/default/edit_schedule.html: 2
[2014-12-07 12:18:54] EDIT ScheduleHelper/views/default/edit_schedule.html: 9
[2014-12-07 12:20:38] EDIT ScheduleHelper/static/css/schedule.css: 0
[2014-12-07 12:20:50] EDIT ScheduleHelper/views/default/edit_schedule.html: 0
[2014-12-07 12:22:21] EDIT ScheduleHelper/views/default/edit_schedule.html: 0
[2014-12-07 12:22:39] EDIT ScheduleHelper/static/css/schedule.css: -2
[2014-12-07 12:24:48] EDIT ScheduleHelper/static/css/schedule.css: 3
[2014-12-07 12:24:57] EDIT ScheduleHelper/static/css/schedule.css: 1
[2014-12-07 12:25:13] EDIT ScheduleHelper/static/css/schedule.css: 0
[2014-12-07 12:25:32] EDIT ScheduleHelper/static/css/schedule.css: 0
[2014-12-07 12:25:42] EDIT ScheduleHelper/static/css/schedule.css: 0
[2014-12-07 12:26:20] EDIT ScheduleHelper/static/css/schedule.css: 1
[2014-12-07 12:30:52] EDIT ScheduleHelper/views/default/edit_schedule.html: 27
[2014-12-07 12:31:11] EDIT ScheduleHelper/views/default/edit_schedule.html: 0
[2014-12-07 12:32:40] EDIT ScheduleHelper/static/css/schedule.css: 3
[2014-12-07 12:32:54] EDIT ScheduleHelper/views/default/edit_schedule.html: 0
[2014-12-07 12:35:25] EDIT ScheduleHelper/static/css/schedule.css: 0
[2014-12-07 15:07:44] EDIT ScheduleHelper/views/default/edit_schedule.html: 27
[2014-12-07 15:09:35] EDIT ScheduleHelper/views/default/edit_schedule.html: 54
[2014-12-07 15:11:55] EDIT ScheduleHelper/views/default/edit_schedule.html: 0
[2014-12-07 15:39:39] EDIT ScheduleHelper/static/css/schedule.css: 1
[2014-12-07 15:54:34] EDIT ScheduleHelper/static/css/schedule.css: 0
[2014-12-07 15:54:42] EDIT ScheduleHelper/static/css/schedule.css: 0
[2014-12-07 15:54:54] EDIT ScheduleHelper/static/css/schedule.css: 0
[2014-12-07 15:55:26] EDIT ScheduleHelper/static/css/schedule.css: 1
[2014-12-07 15:56:01] EDIT ScheduleHelper/static/css/schedule.css: 0
[2014-12-07 15:56:25] EDIT ScheduleHelper/static/css/schedule.css: -1
[2014-12-07 15:56:55] EDIT ScheduleHelper/static/css/schedule.css: 1
[2014-12-07 15:57:12] EDIT ScheduleHelper/static/css/schedule.css: 0
[2014-12-07 16:03:30] EDIT ScheduleHelper/static/css/schedule.css: -1
[2014-12-07 16:05:55] EDIT ScheduleHelper/static/css/schedule.css: 1
[2014-12-07 16:06:13] EDIT ScheduleHelper/views/default/edit_schedule.html: 0
[2014-12-07 16:06:50] EDIT ScheduleHelper/views/default/edit_schedule.html: 0
[2014-12-07 16:09:10] EDIT ScheduleHelper/static/css/schedule.css: 2
[2014-12-07 16:10:30] EDIT ScheduleHelper/static/css/schedule.css: 0
[2014-12-07 16:10:52] EDIT ScheduleHelper/views/default/edit_schedule.html: 1
[2014-12-07 16:11:51] EDIT ScheduleHelper/views/default/edit_schedule.html: 4
[2014-12-07 16:12:15] EDIT ScheduleHelper/static/css/schedule.css: 0
[2014-12-07 16:12:52] EDIT ScheduleHelper/views/default/edit_schedule.html: 0
[2014-12-07 16:14:27] EDIT ScheduleHelper/static/css/schedule.css: -1
[2014-12-07 16:20:03] EDIT ScheduleHelper/static/css/schedule.css: 6
[2014-12-07 16:27:43] EDIT ScheduleHelper/static/css/schedule.css: 1
